<?xml version="1.0" encoding="UTF-8"?>
<!-- Generated by org.testng.reporters.JUnitReportReporter -->
<testsuite hostname="DESKTOP-3FTLM5A" failures="0" tests="2" name="com.sdet.AppTest" time="0.023" errors="0" timestamp="2024-10-15T14:11:05 IST" skipped="0">
  <testcase classname="com.sdet.AppTest" name="testLogin1" time="0.021"/>
  <testcase classname="com.sdet.AppTest" name="testLogin2" time="0.002"/>
</testsuite> <!-- com.sdet.AppTest -->
